<?xml version="1.0" encoding="UTF-8"?>
<testng-results skipped="0" failed="0" total="1" passed="1">
  <reporter-output>
  </reporter-output>
  <suite name="Suite" duration-ms="26530" started-at="2017-08-30T06:44:23Z" finished-at="2017-08-30T06:44:50Z">
    <groups>
    </groups>
    <test name="Test" duration-ms="26530" started-at="2017-08-30T06:44:23Z" finished-at="2017-08-30T06:44:50Z">
      <class name="yygl_flow.Writer_Reporter">
        <test-method status="PASS" signature="beforeClass()[pri:0, instance:yygl_flow.Writer_Reporter@340f438e]" name="beforeClass" is-config="true" duration-ms="22311" started-at="2017-08-30T14:44:23Z" finished-at="2017-08-30T14:44:46Z">
          <reporter-output>
          </reporter-output>
        </test-method> <!-- beforeClass -->
        <test-method status="PASS" signature="Test_001_Login(int)[pri:0, instance:yygl_flow.Writer_Reporter@340f438e]" name="Test_001_Login" duration-ms="3962" started-at="2017-08-30T14:44:46Z" data-provider="dp0" finished-at="2017-08-30T14:44:49Z">
          <params>
            <param index="0">
              <value>
                <![CDATA[0]]>
              </value>
            </param>
          </params>
          <reporter-output>
          </reporter-output>
        </test-method> <!-- Test_001_Login -->
        <test-method status="PASS" signature="afterClass()[pri:0, instance:yygl_flow.Writer_Reporter@340f438e]" name="afterClass" is-config="true" duration-ms="247" started-at="2017-08-30T14:44:49Z" finished-at="2017-08-30T14:44:50Z">
          <reporter-output>
          </reporter-output>
        </test-method> <!-- afterClass -->
      </class> <!-- yygl_flow.Writer_Reporter -->
    </test> <!-- Test -->
  </suite> <!-- Suite -->
</testng-results>
